[2025-10-03T03:56:11.814+0000] {local_task_job_runner.py:120} INFO - ::group::Pre task execution logs
[2025-10-03T03:56:11.845+0000] {taskinstance.py:2076} INFO - Dependencies all met for dep_context=non-requeueable deps ti=<TaskInstance: Airflow_Depi.generate_random scheduled__2025-10-03T03:55:00+00:00 [queued]>
[2025-10-03T03:56:11.856+0000] {taskinstance.py:2076} INFO - Dependencies all met for dep_context=requeueable deps ti=<TaskInstance: Airflow_Depi.generate_random scheduled__2025-10-03T03:55:00+00:00 [queued]>
[2025-10-03T03:56:11.858+0000] {taskinstance.py:2306} INFO - Starting attempt 1 of 1
[2025-10-03T03:56:11.880+0000] {taskinstance.py:2330} INFO - Executing <Task(PythonOperator): generate_random> on 2025-10-03 03:55:00+00:00
[2025-10-03T03:56:11.891+0000] {warnings.py:112} WARNING - /home/***/.local/lib/python3.12/site-packages/***/task/task_runner/standard_task_runner.py:61: DeprecationWarning: This process (pid=192) is multi-threaded, use of fork() may lead to deadlocks in the child.
  pid = os.fork()

[2025-10-03T03:56:11.894+0000] {standard_task_runner.py:63} INFO - Started process 194 to run task
[2025-10-03T03:56:11.895+0000] {standard_task_runner.py:90} INFO - Running: ['***', 'tasks', 'run', 'Airflow_Depi', 'generate_random', 'scheduled__2025-10-03T03:55:00+00:00', '--job-id', '43', '--raw', '--subdir', 'DAGS_FOLDER/dag.py', '--cfg-path', '/tmp/tmp0r3xl718']
[2025-10-03T03:56:11.899+0000] {standard_task_runner.py:91} INFO - Job 43: Subtask generate_random
[2025-10-03T03:56:11.919+0000] {warnings.py:112} WARNING - /home/***/.local/lib/python3.12/site-packages/***/settings.py:195: DeprecationWarning: The sql_alchemy_conn option in [core] has been moved to the sql_alchemy_conn option in [database] - the old setting has been used, but please update your config.
  SQL_ALCHEMY_CONN = conf.get("database", "SQL_ALCHEMY_CONN")

[2025-10-03T03:56:12.003+0000] {task_command.py:426} INFO - Running <TaskInstance: Airflow_Depi.generate_random scheduled__2025-10-03T03:55:00+00:00 [running]> on host 250874de65b0
[2025-10-03T03:56:12.156+0000] {taskinstance.py:2648} INFO - Exporting env vars: AIRFLOW_CTX_DAG_OWNER='***' AIRFLOW_CTX_DAG_ID='Airflow_Depi' AIRFLOW_CTX_TASK_ID='generate_random' AIRFLOW_CTX_EXECUTION_DATE='2025-10-03T03:55:00+00:00' AIRFLOW_CTX_TRY_NUMBER='1' AIRFLOW_CTX_DAG_RUN_ID='scheduled__2025-10-03T03:55:00+00:00'
[2025-10-03T03:56:12.159+0000] {taskinstance.py:430} INFO - ::endgroup::
[2025-10-03T03:56:12.160+0000] {logging_mixin.py:188} INFO - Random number 81 saved to /tmp/random.txt
[2025-10-03T03:56:12.161+0000] {python.py:237} INFO - Done. Returned value was: None
[2025-10-03T03:56:12.162+0000] {taskinstance.py:441} INFO - ::group::Post task execution logs
[2025-10-03T03:56:12.176+0000] {taskinstance.py:1206} INFO - Marking task as SUCCESS. dag_id=Airflow_Depi, task_id=generate_random, run_id=scheduled__2025-10-03T03:55:00+00:00, execution_date=20251003T035500, start_date=20251003T035611, end_date=20251003T035612
[2025-10-03T03:56:12.230+0000] {local_task_job_runner.py:240} INFO - Task exited with return code 0
[2025-10-03T03:56:12.256+0000] {taskinstance.py:3503} INFO - 0 downstream tasks scheduled from follow-on schedule check
[2025-10-03T03:56:12.260+0000] {local_task_job_runner.py:222} INFO - ::endgroup::
