[2025-10-03T03:49:08.841+0000] {local_task_job_runner.py:120} INFO - ::group::Pre task execution logs
[2025-10-03T03:49:08.872+0000] {taskinstance.py:2076} INFO - Dependencies all met for dep_context=non-requeueable deps ti=<TaskInstance: Airflow_Depi.generate_random scheduled__2025-10-03T03:48:00+00:00 [queued]>
[2025-10-03T03:49:08.883+0000] {taskinstance.py:2076} INFO - Dependencies all met for dep_context=requeueable deps ti=<TaskInstance: Airflow_Depi.generate_random scheduled__2025-10-03T03:48:00+00:00 [queued]>
[2025-10-03T03:49:08.884+0000] {taskinstance.py:2306} INFO - Starting attempt 1 of 1
[2025-10-03T03:49:08.905+0000] {taskinstance.py:2330} INFO - Executing <Task(PythonOperator): generate_random> on 2025-10-03 03:48:00+00:00
[2025-10-03T03:49:08.915+0000] {warnings.py:112} WARNING - /home/***/.local/lib/python3.12/site-packages/***/task/task_runner/standard_task_runner.py:61: DeprecationWarning: This process (pid=122) is multi-threaded, use of fork() may lead to deadlocks in the child.
  pid = os.fork()

[2025-10-03T03:49:08.918+0000] {standard_task_runner.py:63} INFO - Started process 124 to run task
[2025-10-03T03:49:08.919+0000] {standard_task_runner.py:90} INFO - Running: ['***', 'tasks', 'run', 'Airflow_Depi', 'generate_random', 'scheduled__2025-10-03T03:48:00+00:00', '--job-id', '22', '--raw', '--subdir', 'DAGS_FOLDER/dag.py', '--cfg-path', '/tmp/tmplp7shywa']
[2025-10-03T03:49:08.923+0000] {standard_task_runner.py:91} INFO - Job 22: Subtask generate_random
[2025-10-03T03:49:08.945+0000] {warnings.py:112} WARNING - /home/***/.local/lib/python3.12/site-packages/***/settings.py:195: DeprecationWarning: The sql_alchemy_conn option in [core] has been moved to the sql_alchemy_conn option in [database] - the old setting has been used, but please update your config.
  SQL_ALCHEMY_CONN = conf.get("database", "SQL_ALCHEMY_CONN")

[2025-10-03T03:49:09.013+0000] {task_command.py:426} INFO - Running <TaskInstance: Airflow_Depi.generate_random scheduled__2025-10-03T03:48:00+00:00 [running]> on host 250874de65b0
[2025-10-03T03:49:09.161+0000] {taskinstance.py:2648} INFO - Exporting env vars: AIRFLOW_CTX_DAG_OWNER='***' AIRFLOW_CTX_DAG_ID='Airflow_Depi' AIRFLOW_CTX_TASK_ID='generate_random' AIRFLOW_CTX_EXECUTION_DATE='2025-10-03T03:48:00+00:00' AIRFLOW_CTX_TRY_NUMBER='1' AIRFLOW_CTX_DAG_RUN_ID='scheduled__2025-10-03T03:48:00+00:00'
[2025-10-03T03:49:09.164+0000] {taskinstance.py:430} INFO - ::endgroup::
[2025-10-03T03:49:09.166+0000] {logging_mixin.py:188} INFO - Random number 64 saved to /tmp/random.txt
[2025-10-03T03:49:09.166+0000] {python.py:237} INFO - Done. Returned value was: None
[2025-10-03T03:49:09.169+0000] {taskinstance.py:441} INFO - ::group::Post task execution logs
[2025-10-03T03:49:09.182+0000] {taskinstance.py:1206} INFO - Marking task as SUCCESS. dag_id=Airflow_Depi, task_id=generate_random, run_id=scheduled__2025-10-03T03:48:00+00:00, execution_date=20251003T034800, start_date=20251003T034908, end_date=20251003T034909
[2025-10-03T03:49:09.215+0000] {local_task_job_runner.py:240} INFO - Task exited with return code 0
[2025-10-03T03:49:09.238+0000] {taskinstance.py:3503} INFO - 0 downstream tasks scheduled from follow-on schedule check
[2025-10-03T03:49:09.241+0000] {local_task_job_runner.py:222} INFO - ::endgroup::
