[2025-10-03T03:48:03.163+0000] {local_task_job_runner.py:120} INFO - ::group::Pre task execution logs
[2025-10-03T03:48:03.213+0000] {taskinstance.py:2076} INFO - Dependencies all met for dep_context=non-requeueable deps ti=<TaskInstance: Airflow_Depi.print_date scheduled__2025-10-03T03:46:00+00:00 [queued]>
[2025-10-03T03:48:03.227+0000] {taskinstance.py:2076} INFO - Dependencies all met for dep_context=requeueable deps ti=<TaskInstance: Airflow_Depi.print_date scheduled__2025-10-03T03:46:00+00:00 [queued]>
[2025-10-03T03:48:03.229+0000] {taskinstance.py:2306} INFO - Starting attempt 1 of 1
[2025-10-03T03:48:03.260+0000] {taskinstance.py:2330} INFO - Executing <Task(BashOperator): print_date> on 2025-10-03 03:46:00+00:00
[2025-10-03T03:48:03.275+0000] {warnings.py:112} WARNING - /home/***/.local/lib/python3.12/site-packages/***/task/task_runner/standard_task_runner.py:61: DeprecationWarning: This process (pid=95) is multi-threaded, use of fork() may lead to deadlocks in the child.
  pid = os.fork()

[2025-10-03T03:48:03.281+0000] {standard_task_runner.py:63} INFO - Started process 99 to run task
[2025-10-03T03:48:03.277+0000] {standard_task_runner.py:90} INFO - Running: ['***', 'tasks', 'run', 'Airflow_Depi', 'print_date', 'scheduled__2025-10-03T03:46:00+00:00', '--job-id', '14', '--raw', '--subdir', 'DAGS_FOLDER/dag.py', '--cfg-path', '/tmp/tmpo4ec551j']
[2025-10-03T03:48:03.287+0000] {standard_task_runner.py:91} INFO - Job 14: Subtask print_date
[2025-10-03T03:48:03.319+0000] {warnings.py:112} WARNING - /home/***/.local/lib/python3.12/site-packages/***/settings.py:195: DeprecationWarning: The sql_alchemy_conn option in [core] has been moved to the sql_alchemy_conn option in [database] - the old setting has been used, but please update your config.
  SQL_ALCHEMY_CONN = conf.get("database", "SQL_ALCHEMY_CONN")

[2025-10-03T03:48:03.419+0000] {task_command.py:426} INFO - Running <TaskInstance: Airflow_Depi.print_date scheduled__2025-10-03T03:46:00+00:00 [running]> on host 250874de65b0
[2025-10-03T03:48:03.604+0000] {taskinstance.py:2648} INFO - Exporting env vars: AIRFLOW_CTX_DAG_OWNER='***' AIRFLOW_CTX_DAG_ID='Airflow_Depi' AIRFLOW_CTX_TASK_ID='print_date' AIRFLOW_CTX_EXECUTION_DATE='2025-10-03T03:46:00+00:00' AIRFLOW_CTX_TRY_NUMBER='1' AIRFLOW_CTX_DAG_RUN_ID='scheduled__2025-10-03T03:46:00+00:00'
[2025-10-03T03:48:03.608+0000] {taskinstance.py:430} INFO - ::endgroup::
[2025-10-03T03:48:03.610+0000] {subprocess.py:63} INFO - Tmp dir root location: /tmp
[2025-10-03T03:48:03.613+0000] {subprocess.py:75} INFO - Running command: ['/usr/bin/bash', '-c', 'date']
[2025-10-03T03:48:03.634+0000] {subprocess.py:86} INFO - Output:
[2025-10-03T03:48:03.663+0000] {subprocess.py:93} INFO - Fri Oct  3 03:48:03 UTC 2025
[2025-10-03T03:48:03.664+0000] {subprocess.py:97} INFO - Command exited with return code 0
[2025-10-03T03:48:03.666+0000] {taskinstance.py:441} INFO - ::group::Post task execution logs
[2025-10-03T03:48:03.722+0000] {taskinstance.py:1206} INFO - Marking task as SUCCESS. dag_id=Airflow_Depi, task_id=print_date, run_id=scheduled__2025-10-03T03:46:00+00:00, execution_date=20251003T034600, start_date=20251003T034803, end_date=20251003T034803
[2025-10-03T03:48:03.780+0000] {local_task_job_runner.py:240} INFO - Task exited with return code 0
[2025-10-03T03:48:03.835+0000] {taskinstance.py:3503} INFO - 1 downstream tasks scheduled from follow-on schedule check
[2025-10-03T03:48:03.840+0000] {local_task_job_runner.py:222} INFO - ::endgroup::
