[2025-10-03T03:03:05.110+0000] {local_task_job_runner.py:120} INFO - ::group::Pre task execution logs
[2025-10-03T03:03:05.157+0000] {taskinstance.py:2076} INFO - Dependencies all met for dep_context=non-requeueable deps ti=<TaskInstance: Airflow_Depi.print_date scheduled__2025-10-03T03:02:00+00:00 [queued]>
[2025-10-03T03:03:05.179+0000] {taskinstance.py:2076} INFO - Dependencies all met for dep_context=requeueable deps ti=<TaskInstance: Airflow_Depi.print_date scheduled__2025-10-03T03:02:00+00:00 [queued]>
[2025-10-03T03:03:05.181+0000] {taskinstance.py:2306} INFO - Starting attempt 1 of 1
[2025-10-03T03:03:05.237+0000] {taskinstance.py:2330} INFO - Executing <Task(BashOperator): print_date> on 2025-10-03 03:02:00+00:00
[2025-10-03T03:03:05.258+0000] {warnings.py:112} WARNING - /home/***/.local/lib/python3.12/site-packages/***/task/task_runner/standard_task_runner.py:61: DeprecationWarning: This process (pid=79) is multi-threaded, use of fork() may lead to deadlocks in the child.
  pid = os.fork()

[2025-10-03T03:03:05.266+0000] {standard_task_runner.py:63} INFO - Started process 81 to run task
[2025-10-03T03:03:05.267+0000] {standard_task_runner.py:90} INFO - Running: ['***', 'tasks', 'run', 'Airflow_Depi', 'print_date', 'scheduled__2025-10-03T03:02:00+00:00', '--job-id', '11', '--raw', '--subdir', 'DAGS_FOLDER/dag.py', '--cfg-path', '/tmp/tmpdj76g00r']
[2025-10-03T03:03:05.276+0000] {standard_task_runner.py:91} INFO - Job 11: Subtask print_date
[2025-10-03T03:03:05.311+0000] {warnings.py:112} WARNING - /home/***/.local/lib/python3.12/site-packages/***/settings.py:195: DeprecationWarning: The sql_alchemy_conn option in [core] has been moved to the sql_alchemy_conn option in [database] - the old setting has been used, but please update your config.
  SQL_ALCHEMY_CONN = conf.get("database", "SQL_ALCHEMY_CONN")

[2025-10-03T03:03:05.477+0000] {task_command.py:426} INFO - Running <TaskInstance: Airflow_Depi.print_date scheduled__2025-10-03T03:02:00+00:00 [running]> on host 250874de65b0
[2025-10-03T03:03:05.713+0000] {taskinstance.py:2648} INFO - Exporting env vars: AIRFLOW_CTX_DAG_OWNER='***' AIRFLOW_CTX_DAG_ID='Airflow_Depi' AIRFLOW_CTX_TASK_ID='print_date' AIRFLOW_CTX_EXECUTION_DATE='2025-10-03T03:02:00+00:00' AIRFLOW_CTX_TRY_NUMBER='1' AIRFLOW_CTX_DAG_RUN_ID='scheduled__2025-10-03T03:02:00+00:00'
[2025-10-03T03:03:05.718+0000] {taskinstance.py:430} INFO - ::endgroup::
[2025-10-03T03:03:05.720+0000] {subprocess.py:63} INFO - Tmp dir root location: /tmp
[2025-10-03T03:03:05.723+0000] {subprocess.py:75} INFO - Running command: ['/usr/bin/bash', '-c', 'date']
[2025-10-03T03:03:05.749+0000] {subprocess.py:86} INFO - Output:
[2025-10-03T03:03:05.757+0000] {subprocess.py:93} INFO - Fri Oct  3 03:03:05 UTC 2025
[2025-10-03T03:03:05.758+0000] {subprocess.py:97} INFO - Command exited with return code 0
[2025-10-03T03:03:05.759+0000] {taskinstance.py:441} INFO - ::group::Post task execution logs
[2025-10-03T03:03:05.823+0000] {taskinstance.py:1206} INFO - Marking task as SUCCESS. dag_id=Airflow_Depi, task_id=print_date, run_id=scheduled__2025-10-03T03:02:00+00:00, execution_date=20251003T030200, start_date=20251003T030305, end_date=20251003T030305
[2025-10-03T03:03:05.890+0000] {local_task_job_runner.py:240} INFO - Task exited with return code 0
[2025-10-03T03:03:05.948+0000] {taskinstance.py:3503} INFO - 1 downstream tasks scheduled from follow-on schedule check
[2025-10-03T03:03:05.953+0000] {local_task_job_runner.py:222} INFO - ::endgroup::
