[2025-10-03T03:02:11.229+0000] {local_task_job_runner.py:120} INFO - ::group::Pre task execution logs
[2025-10-03T03:02:11.269+0000] {taskinstance.py:2076} INFO - Dependencies all met for dep_context=non-requeueable deps ti=<TaskInstance: Airflow_Depi.generate_random scheduled__2025-10-03T03:01:00+00:00 [queued]>
[2025-10-03T03:02:11.283+0000] {taskinstance.py:2076} INFO - Dependencies all met for dep_context=requeueable deps ti=<TaskInstance: Airflow_Depi.generate_random scheduled__2025-10-03T03:01:00+00:00 [queued]>
[2025-10-03T03:02:11.285+0000] {taskinstance.py:2306} INFO - Starting attempt 1 of 1
[2025-10-03T03:02:11.310+0000] {taskinstance.py:2330} INFO - Executing <Task(PythonOperator): generate_random> on 2025-10-03 03:01:00+00:00
[2025-10-03T03:02:11.329+0000] {warnings.py:112} WARNING - /home/***/.local/lib/python3.12/site-packages/***/task/task_runner/standard_task_runner.py:61: DeprecationWarning: This process (pid=76) is multi-threaded, use of fork() may lead to deadlocks in the child.
  pid = os.fork()

[2025-10-03T03:02:11.336+0000] {standard_task_runner.py:63} INFO - Started process 78 to run task
[2025-10-03T03:02:11.332+0000] {standard_task_runner.py:90} INFO - Running: ['***', 'tasks', 'run', 'Airflow_Depi', 'generate_random', 'scheduled__2025-10-03T03:01:00+00:00', '--job-id', '10', '--raw', '--subdir', 'DAGS_FOLDER/dag.py', '--cfg-path', '/tmp/tmpb_h2i5t3']
[2025-10-03T03:02:11.338+0000] {standard_task_runner.py:91} INFO - Job 10: Subtask generate_random
[2025-10-03T03:02:11.362+0000] {warnings.py:112} WARNING - /home/***/.local/lib/python3.12/site-packages/***/settings.py:195: DeprecationWarning: The sql_alchemy_conn option in [core] has been moved to the sql_alchemy_conn option in [database] - the old setting has been used, but please update your config.
  SQL_ALCHEMY_CONN = conf.get("database", "SQL_ALCHEMY_CONN")

[2025-10-03T03:02:11.440+0000] {task_command.py:426} INFO - Running <TaskInstance: Airflow_Depi.generate_random scheduled__2025-10-03T03:01:00+00:00 [running]> on host 250874de65b0
[2025-10-03T03:02:11.591+0000] {taskinstance.py:2648} INFO - Exporting env vars: AIRFLOW_CTX_DAG_OWNER='***' AIRFLOW_CTX_DAG_ID='Airflow_Depi' AIRFLOW_CTX_TASK_ID='generate_random' AIRFLOW_CTX_EXECUTION_DATE='2025-10-03T03:01:00+00:00' AIRFLOW_CTX_TRY_NUMBER='1' AIRFLOW_CTX_DAG_RUN_ID='scheduled__2025-10-03T03:01:00+00:00'
[2025-10-03T03:02:11.595+0000] {taskinstance.py:430} INFO - ::endgroup::
[2025-10-03T03:02:11.596+0000] {logging_mixin.py:188} INFO - Random number 19 saved to /tmp/random.txt
[2025-10-03T03:02:11.597+0000] {python.py:237} INFO - Done. Returned value was: None
[2025-10-03T03:02:11.598+0000] {taskinstance.py:441} INFO - ::group::Post task execution logs
[2025-10-03T03:02:11.613+0000] {taskinstance.py:1206} INFO - Marking task as SUCCESS. dag_id=Airflow_Depi, task_id=generate_random, run_id=scheduled__2025-10-03T03:01:00+00:00, execution_date=20251003T030100, start_date=20251003T030211, end_date=20251003T030211
[2025-10-03T03:02:11.672+0000] {local_task_job_runner.py:240} INFO - Task exited with return code 0
[2025-10-03T03:02:11.699+0000] {taskinstance.py:3503} INFO - 0 downstream tasks scheduled from follow-on schedule check
[2025-10-03T03:02:11.703+0000] {local_task_job_runner.py:222} INFO - ::endgroup::
