[2025-10-03T03:53:05.566+0000] {local_task_job_runner.py:120} INFO - ::group::Pre task execution logs
[2025-10-03T03:53:05.595+0000] {taskinstance.py:2076} INFO - Dependencies all met for dep_context=non-requeueable deps ti=<TaskInstance: Airflow_Depi.print_welcome scheduled__2025-10-03T03:52:00+00:00 [queued]>
[2025-10-03T03:53:05.607+0000] {taskinstance.py:2076} INFO - Dependencies all met for dep_context=requeueable deps ti=<TaskInstance: Airflow_Depi.print_welcome scheduled__2025-10-03T03:52:00+00:00 [queued]>
[2025-10-03T03:53:05.609+0000] {taskinstance.py:2306} INFO - Starting attempt 1 of 1
[2025-10-03T03:53:05.632+0000] {taskinstance.py:2330} INFO - Executing <Task(PythonOperator): print_welcome> on 2025-10-03 03:52:00+00:00
[2025-10-03T03:53:05.643+0000] {warnings.py:112} WARNING - /home/***/.local/lib/python3.12/site-packages/***/task/task_runner/standard_task_runner.py:61: DeprecationWarning: This process (pid=159) is multi-threaded, use of fork() may lead to deadlocks in the child.
  pid = os.fork()

[2025-10-03T03:53:05.647+0000] {standard_task_runner.py:63} INFO - Started process 161 to run task
[2025-10-03T03:53:05.646+0000] {standard_task_runner.py:90} INFO - Running: ['***', 'tasks', 'run', 'Airflow_Depi', 'print_welcome', 'scheduled__2025-10-03T03:52:00+00:00', '--job-id', '33', '--raw', '--subdir', 'DAGS_FOLDER/dag.py', '--cfg-path', '/tmp/tmp6__l9sso']
[2025-10-03T03:53:05.650+0000] {standard_task_runner.py:91} INFO - Job 33: Subtask print_welcome
[2025-10-03T03:53:05.670+0000] {warnings.py:112} WARNING - /home/***/.local/lib/python3.12/site-packages/***/settings.py:195: DeprecationWarning: The sql_alchemy_conn option in [core] has been moved to the sql_alchemy_conn option in [database] - the old setting has been used, but please update your config.
  SQL_ALCHEMY_CONN = conf.get("database", "SQL_ALCHEMY_CONN")

[2025-10-03T03:53:05.730+0000] {task_command.py:426} INFO - Running <TaskInstance: Airflow_Depi.print_welcome scheduled__2025-10-03T03:52:00+00:00 [running]> on host 250874de65b0
[2025-10-03T03:53:05.851+0000] {taskinstance.py:2648} INFO - Exporting env vars: AIRFLOW_CTX_DAG_OWNER='***' AIRFLOW_CTX_DAG_ID='Airflow_Depi' AIRFLOW_CTX_TASK_ID='print_welcome' AIRFLOW_CTX_EXECUTION_DATE='2025-10-03T03:52:00+00:00' AIRFLOW_CTX_TRY_NUMBER='1' AIRFLOW_CTX_DAG_RUN_ID='scheduled__2025-10-03T03:52:00+00:00'
[2025-10-03T03:53:05.856+0000] {taskinstance.py:430} INFO - ::endgroup::
[2025-10-03T03:53:05.857+0000] {logging_mixin.py:188} INFO - Welcome! My name is Yasmeen
[2025-10-03T03:53:05.858+0000] {python.py:237} INFO - Done. Returned value was: None
[2025-10-03T03:53:05.859+0000] {taskinstance.py:441} INFO - ::group::Post task execution logs
[2025-10-03T03:53:05.871+0000] {taskinstance.py:1206} INFO - Marking task as SUCCESS. dag_id=Airflow_Depi, task_id=print_welcome, run_id=scheduled__2025-10-03T03:52:00+00:00, execution_date=20251003T035200, start_date=20251003T035305, end_date=20251003T035305
[2025-10-03T03:53:05.903+0000] {local_task_job_runner.py:240} INFO - Task exited with return code 0
[2025-10-03T03:53:05.929+0000] {taskinstance.py:3503} INFO - 1 downstream tasks scheduled from follow-on schedule check
[2025-10-03T03:53:05.933+0000] {local_task_job_runner.py:222} INFO - ::endgroup::
