[2025-10-03T03:53:02.530+0000] {local_task_job_runner.py:120} INFO - ::group::Pre task execution logs
[2025-10-03T03:53:02.569+0000] {taskinstance.py:2076} INFO - Dependencies all met for dep_context=non-requeueable deps ti=<TaskInstance: Airflow_Depi.print_date scheduled__2025-10-03T03:52:00+00:00 [queued]>
[2025-10-03T03:53:02.579+0000] {taskinstance.py:2076} INFO - Dependencies all met for dep_context=requeueable deps ti=<TaskInstance: Airflow_Depi.print_date scheduled__2025-10-03T03:52:00+00:00 [queued]>
[2025-10-03T03:53:02.580+0000] {taskinstance.py:2306} INFO - Starting attempt 1 of 1
[2025-10-03T03:53:02.600+0000] {taskinstance.py:2330} INFO - Executing <Task(BashOperator): print_date> on 2025-10-03 03:52:00+00:00
[2025-10-03T03:53:02.612+0000] {warnings.py:112} WARNING - /home/***/.local/lib/python3.12/site-packages/***/task/task_runner/standard_task_runner.py:61: DeprecationWarning: This process (pid=155) is multi-threaded, use of fork() may lead to deadlocks in the child.
  pid = os.fork()

[2025-10-03T03:53:02.615+0000] {standard_task_runner.py:63} INFO - Started process 157 to run task
[2025-10-03T03:53:02.614+0000] {standard_task_runner.py:90} INFO - Running: ['***', 'tasks', 'run', 'Airflow_Depi', 'print_date', 'scheduled__2025-10-03T03:52:00+00:00', '--job-id', '32', '--raw', '--subdir', 'DAGS_FOLDER/dag.py', '--cfg-path', '/tmp/tmpoiqsidw0']
[2025-10-03T03:53:02.619+0000] {standard_task_runner.py:91} INFO - Job 32: Subtask print_date
[2025-10-03T03:53:02.640+0000] {warnings.py:112} WARNING - /home/***/.local/lib/python3.12/site-packages/***/settings.py:195: DeprecationWarning: The sql_alchemy_conn option in [core] has been moved to the sql_alchemy_conn option in [database] - the old setting has been used, but please update your config.
  SQL_ALCHEMY_CONN = conf.get("database", "SQL_ALCHEMY_CONN")

[2025-10-03T03:53:02.709+0000] {task_command.py:426} INFO - Running <TaskInstance: Airflow_Depi.print_date scheduled__2025-10-03T03:52:00+00:00 [running]> on host 250874de65b0
[2025-10-03T03:53:02.873+0000] {taskinstance.py:2648} INFO - Exporting env vars: AIRFLOW_CTX_DAG_OWNER='***' AIRFLOW_CTX_DAG_ID='Airflow_Depi' AIRFLOW_CTX_TASK_ID='print_date' AIRFLOW_CTX_EXECUTION_DATE='2025-10-03T03:52:00+00:00' AIRFLOW_CTX_TRY_NUMBER='1' AIRFLOW_CTX_DAG_RUN_ID='scheduled__2025-10-03T03:52:00+00:00'
[2025-10-03T03:53:02.879+0000] {taskinstance.py:430} INFO - ::endgroup::
[2025-10-03T03:53:02.881+0000] {subprocess.py:63} INFO - Tmp dir root location: /tmp
[2025-10-03T03:53:02.884+0000] {subprocess.py:75} INFO - Running command: ['/usr/bin/bash', '-c', 'date']
[2025-10-03T03:53:02.911+0000] {subprocess.py:86} INFO - Output:
[2025-10-03T03:53:02.920+0000] {subprocess.py:93} INFO - Fri Oct  3 03:53:02 UTC 2025
[2025-10-03T03:53:02.921+0000] {subprocess.py:97} INFO - Command exited with return code 0
[2025-10-03T03:53:02.923+0000] {taskinstance.py:441} INFO - ::group::Post task execution logs
[2025-10-03T03:53:02.979+0000] {taskinstance.py:1206} INFO - Marking task as SUCCESS. dag_id=Airflow_Depi, task_id=print_date, run_id=scheduled__2025-10-03T03:52:00+00:00, execution_date=20251003T035200, start_date=20251003T035302, end_date=20251003T035302
[2025-10-03T03:53:03.034+0000] {local_task_job_runner.py:240} INFO - Task exited with return code 0
[2025-10-03T03:53:03.089+0000] {taskinstance.py:3503} INFO - 1 downstream tasks scheduled from follow-on schedule check
[2025-10-03T03:53:03.093+0000] {local_task_job_runner.py:222} INFO - ::endgroup::
