[2025-10-03T03:54:06.349+0000] {local_task_job_runner.py:120} INFO - ::group::Pre task execution logs
[2025-10-03T03:54:06.394+0000] {taskinstance.py:2076} INFO - Dependencies all met for dep_context=non-requeueable deps ti=<TaskInstance: Airflow_Depi.print_welcome scheduled__2025-10-03T03:53:00+00:00 [queued]>
[2025-10-03T03:54:06.411+0000] {taskinstance.py:2076} INFO - Dependencies all met for dep_context=requeueable deps ti=<TaskInstance: Airflow_Depi.print_welcome scheduled__2025-10-03T03:53:00+00:00 [queued]>
[2025-10-03T03:54:06.413+0000] {taskinstance.py:2306} INFO - Starting attempt 1 of 1
[2025-10-03T03:54:06.446+0000] {taskinstance.py:2330} INFO - Executing <Task(PythonOperator): print_welcome> on 2025-10-03 03:53:00+00:00
[2025-10-03T03:54:06.462+0000] {warnings.py:112} WARNING - /home/***/.local/lib/python3.12/site-packages/***/task/task_runner/standard_task_runner.py:61: DeprecationWarning: This process (pid=169) is multi-threaded, use of fork() may lead to deadlocks in the child.
  pid = os.fork()

[2025-10-03T03:54:06.468+0000] {standard_task_runner.py:63} INFO - Started process 171 to run task
[2025-10-03T03:54:06.469+0000] {standard_task_runner.py:90} INFO - Running: ['***', 'tasks', 'run', 'Airflow_Depi', 'print_welcome', 'scheduled__2025-10-03T03:53:00+00:00', '--job-id', '36', '--raw', '--subdir', 'DAGS_FOLDER/dag.py', '--cfg-path', '/tmp/tmpg02fq5bf']
[2025-10-03T03:54:06.476+0000] {standard_task_runner.py:91} INFO - Job 36: Subtask print_welcome
[2025-10-03T03:54:06.506+0000] {warnings.py:112} WARNING - /home/***/.local/lib/python3.12/site-packages/***/settings.py:195: DeprecationWarning: The sql_alchemy_conn option in [core] has been moved to the sql_alchemy_conn option in [database] - the old setting has been used, but please update your config.
  SQL_ALCHEMY_CONN = conf.get("database", "SQL_ALCHEMY_CONN")

[2025-10-03T03:54:06.586+0000] {task_command.py:426} INFO - Running <TaskInstance: Airflow_Depi.print_welcome scheduled__2025-10-03T03:53:00+00:00 [running]> on host 250874de65b0
[2025-10-03T03:54:06.731+0000] {taskinstance.py:2648} INFO - Exporting env vars: AIRFLOW_CTX_DAG_OWNER='***' AIRFLOW_CTX_DAG_ID='Airflow_Depi' AIRFLOW_CTX_TASK_ID='print_welcome' AIRFLOW_CTX_EXECUTION_DATE='2025-10-03T03:53:00+00:00' AIRFLOW_CTX_TRY_NUMBER='1' AIRFLOW_CTX_DAG_RUN_ID='scheduled__2025-10-03T03:53:00+00:00'
[2025-10-03T03:54:06.734+0000] {taskinstance.py:430} INFO - ::endgroup::
[2025-10-03T03:54:06.735+0000] {logging_mixin.py:188} INFO - Welcome! My name is Yasmeen
[2025-10-03T03:54:06.736+0000] {python.py:237} INFO - Done. Returned value was: None
[2025-10-03T03:54:06.737+0000] {taskinstance.py:441} INFO - ::group::Post task execution logs
[2025-10-03T03:54:06.751+0000] {taskinstance.py:1206} INFO - Marking task as SUCCESS. dag_id=Airflow_Depi, task_id=print_welcome, run_id=scheduled__2025-10-03T03:53:00+00:00, execution_date=20251003T035300, start_date=20251003T035406, end_date=20251003T035406
[2025-10-03T03:54:06.809+0000] {local_task_job_runner.py:240} INFO - Task exited with return code 0
[2025-10-03T03:54:06.849+0000] {taskinstance.py:3503} INFO - 1 downstream tasks scheduled from follow-on schedule check
[2025-10-03T03:54:06.853+0000] {local_task_job_runner.py:222} INFO - ::endgroup::
